d:\#hobby\gamebots\minesweeper\minesweeperbot\x64\debug\vc142.pdb
d:\#hobby\gamebots\minesweeper\minesweeperbot\x64\debug\vc142.idb
d:\#hobby\gamebots\minesweeper\minesweeperbot\x64\debug\main.obj
d:\#hobby\gamebots\minesweeper\minesweeperbot\x64\debug\winapp.obj
d:\#hobby\gamebots\minesweeper\minesweeperbot\x64\debug\view.obj
d:\#hobby\gamebots\minesweeper\minesweeperbot\x64\debug\picture.obj
d:\#hobby\gamebots\minesweeper\minesweeperbot\x64\debug\picrecognition.obj
d:\#hobby\gamebots\minesweeper\minesweeperbot\x64\debug\model.obj
d:\#hobby\gamebots\minesweeper\minesweeperbot\x64\debug\group.obj
d:\#hobby\gamebots\minesweeper\minesweeperbot\x64\debug\gamesettings.obj
d:\#hobby\gamebots\minesweeper\minesweeperbot\x64\debug\game.obj
d:\#hobby\gamebots\minesweeper\minesweeperbot\x64\debug\controller.obj
d:\#hobby\gamebots\minesweeper\minesweeperbot\x64\debug\group.obj.enc
d:\#hobby\gamebots\minesweeper\minesweeperbot\x64\debug\model.obj.enc
d:\#hobby\gamebots\minesweeper\x64\debug\minesweeperbot.pdb
d:\#hobby\gamebots\minesweeper\x64\debug\minesweeperbot.exe
d:\#hobby\gamebots\minesweeper\minesweeperbot\x64\debug\minesweeperbot.tlog\cl.command.1.tlog
d:\#hobby\gamebots\minesweeper\minesweeperbot\x64\debug\minesweeperbot.tlog\cl.read.1.tlog
d:\#hobby\gamebots\minesweeper\minesweeperbot\x64\debug\minesweeperbot.tlog\cl.write.1.tlog
d:\#hobby\gamebots\minesweeper\minesweeperbot\x64\debug\minesweeperbot.tlog\link-cvtres.read.1.tlog
d:\#hobby\gamebots\minesweeper\minesweeperbot\x64\debug\minesweeperbot.tlog\link-cvtres.write.1.tlog
d:\#hobby\gamebots\minesweeper\minesweeperbot\x64\debug\minesweeperbot.tlog\link-rc.read.1.tlog
d:\#hobby\gamebots\minesweeper\minesweeperbot\x64\debug\minesweeperbot.tlog\link-rc.write.1.tlog
d:\#hobby\gamebots\minesweeper\minesweeperbot\x64\debug\minesweeperbot.tlog\link.7476-cvtres.read.1.tlog
d:\#hobby\gamebots\minesweeper\minesweeperbot\x64\debug\minesweeperbot.tlog\link.7476-cvtres.write.1.tlog
d:\#hobby\gamebots\minesweeper\minesweeperbot\x64\debug\minesweeperbot.tlog\link.7476-rc.read.1.tlog
d:\#hobby\gamebots\minesweeper\minesweeperbot\x64\debug\minesweeperbot.tlog\link.7476-rc.write.1.tlog
d:\#hobby\gamebots\minesweeper\minesweeperbot\x64\debug\minesweeperbot.tlog\link.7476.read.1.tlog
d:\#hobby\gamebots\minesweeper\minesweeperbot\x64\debug\minesweeperbot.tlog\link.7476.write.1.tlog
d:\#hobby\gamebots\minesweeper\minesweeperbot\x64\debug\minesweeperbot.tlog\link.command.1.tlog
d:\#hobby\gamebots\minesweeper\minesweeperbot\x64\debug\minesweeperbot.tlog\link.read.1.tlog
d:\#hobby\gamebots\minesweeper\minesweeperbot\x64\debug\minesweeperbot.tlog\link.write.1.tlog
